   [INFO ] 2023-09-25 22:52:04.202 [main] RestAssuredAutomationFramework - Creater User Executed
[INFO ] 2023-09-25 22:52:06.508 [main] RestAssuredAutomationFramework - Get User data Executed
[INFO ] 2023-09-25 22:52:10.937 [main] RestAssuredAutomationFramework - Update User Executed
[INFO ] 2023-09-25 22:52:12.958 [main] RestAssuredAutomationFramework - Delet  User  Executed
[INFO ] 2023-09-26 10:03:38.212 [main] RestAssuredAutomationFramework - Creater User Executed
[INFO ] 2023-09-26 10:03:39.717 [main] RestAssuredAutomationFramework - Get User data Executed
[INFO ] 2023-09-26 10:03:42.541 [main] RestAssuredAutomationFramework - Update User Executed
[INFO ] 2023-09-26 10:03:43.905 [main] RestAssuredAutomationFramework - Delet  User  Executed
[INFO ] 2023-09-26 10:03:46.181 [main] RestAssuredAutomationFramework - Craete User Executed
[INFO ] 2023-09-26 10:03:47.604 [main] RestAssuredAutomationFramework - Craete User Executed
[INFO ] 2023-09-26 10:03:49.014 [main] RestAssuredAutomationFramework - Craete User Executed
[INFO ] 2023-09-26 10:03:50.471 [main] RestAssuredAutomationFramework - Craete User Executed
[INFO ] 2023-09-26 10:03:51.899 [main] RestAssuredAutomationFramework - Get  User data  Executed
[INFO ] 2023-09-26 10:03:53.324 [main] RestAssuredAutomationFramework - Get  User data  Executed
[INFO ] 2023-09-26 10:03:54.679 [main] RestAssuredAutomationFramework - Get  User data  Executed
[INFO ] 2023-09-26 10:03:56.106 [main] RestAssuredAutomationFramework - Get  User data  Executed
[INFO ] 2023-09-26 10:03:57.831 [main] RestAssuredAutomationFramework - Delet  User Executed
[INFO ] 2023-09-26 10:03:59.208 [main] RestAssuredAutomationFramework - Delet  User Executed
[INFO ] 2023-09-26 10:04:00.606 [main] RestAssuredAutomationFramework - Delet  User Executed
[INFO ] 2023-09-26 10:04:01.952 [main] RestAssuredAutomationFramework - Delet  User Executed
[INFO ] 2023-09-26 10:34:35.497 [main] RestAssuredAutomationFramework - Creater User Executed
[INFO ] 2023-09-26 10:34:37.458 [main] RestAssuredAutomationFramework - Get User data Executed
[INFO ] 2023-09-26 10:34:41.258 [main] RestAssuredAutomationFramework - Update User Executed
[INFO ] 2023-09-26 10:34:43.187 [main] RestAssuredAutomationFramework - Delet  User  Executed
[INFO ] 2023-09-26 10:34:46.003 [main] RestAssuredAutomationFramework - Craete User Executed
[INFO ] 2023-09-26 10:34:47.916 [main] RestAssuredAutomationFramework - Craete User Executed
[INFO ] 2023-09-26 10:34:49.515 [main] RestAssuredAutomationFramework - Craete User Executed
[INFO ] 2023-09-26 10:34:51.517 [main] RestAssuredAutomationFramework - Craete User Executed
[INFO ] 2023-09-26 10:34:53.419 [main] RestAssuredAutomationFramework - Get  User data  Executed
[INFO ] 2023-09-26 10:34:55.215 [main] RestAssuredAutomationFramework - Get  User data  Executed
[INFO ] 2023-09-26 10:34:57.215 [main] RestAssuredAutomationFramework - Get  User data  Executed
[INFO ] 2023-09-26 10:34:59.115 [main] RestAssuredAutomationFramework - Get  User data  Executed
[INFO ] 2023-09-26 10:35:01.034 [main] RestAssuredAutomationFramework - Delet  User Executed
[INFO ] 2023-09-26 10:35:02.958 [main] RestAssuredAutomationFramework - Delet  User Executed
[INFO ] 2023-09-26 10:35:04.875 [main] RestAssuredAutomationFramework - Delet  User Executed
[INFO ] 2023-09-26 10:35:07.094 [main] RestAssuredAutomationFramework - Delet  User Executed
[INFO ] 2023-09-26 11:03:14.204 [main] RestAssuredAutomationFramework - Creater User Executed
[INFO ] 2023-09-26 11:03:16.134 [main] RestAssuredAutomationFramework - Get User data Executed
[INFO ] 2023-09-26 11:03:20.549 [main] RestAssuredAutomationFramework - Update User Executed
[INFO ] 2023-09-26 11:03:22.579 [main] RestAssuredAutomationFramework - Delet  User  Executed
[INFO ] 2023-09-26 11:03:25.965 [main] RestAssuredAutomationFramework - Craete User Executed
[INFO ] 2023-09-26 11:03:28.224 [main] RestAssuredAutomationFramework - Craete User Executed
[INFO ] 2023-09-26 11:03:29.949 [main] RestAssuredAutomationFramework - Craete User Executed
[INFO ] 2023-09-26 11:03:31.732 [main] RestAssuredAutomationFramework - Craete User Executed
[INFO ] 2023-09-26 11:03:33.978 [main] RestAssuredAutomationFramework - Get  User data  Executed
[INFO ] 2023-09-26 11:03:35.871 [main] RestAssuredAutomationFramework - Get  User data  Executed
[INFO ] 2023-09-26 11:03:37.823 [main] RestAssuredAutomationFramework - Get  User data  Executed
[INFO ] 2023-09-26 11:03:39.707 [main] RestAssuredAutomationFramework - Get  User data  Executed
[INFO ] 2023-09-26 11:03:41.924 [main] RestAssuredAutomationFramework - Delet  User Executed
[INFO ] 2023-09-26 11:03:43.931 [main] RestAssuredAutomationFramework - Delet  User Executed
[INFO ] 2023-09-26 11:03:46.012 [main] RestAssuredAutomationFramework - Delet  User Executed
[INFO ] 2023-09-26 11:03:47.588 [main] RestAssuredAutomationFramework - Delet  User Executed
[INFO ] 2023-09-26 11:17:36.570 [main] RestAssuredAutomationFramework - Creater User Executed
[INFO ] 2023-09-26 11:17:39.098 [main] RestAssuredAutomationFramework - Get User data Executed
[INFO ] 2023-09-26 11:17:43.697 [main] RestAssuredAutomationFramework - Update User Executed
[INFO ] 2023-09-26 11:17:46.769 [main] RestAssuredAutomationFramework - Delet  User  Executed
[INFO ] 2023-09-26 11:17:49.738 [main] RestAssuredAutomationFramework - Craete User Executed
[INFO ] 2023-09-26 11:17:51.991 [main] RestAssuredAutomationFramework - Craete User Executed
[INFO ] 2023-09-26 11:17:54.450 [main] RestAssuredAutomationFramework - Craete User Executed
[INFO ] 2023-09-26 11:17:56.599 [main] RestAssuredAutomationFramework - Craete User Executed
[INFO ] 2023-09-26 11:17:59.671 [main] RestAssuredAutomationFramework - Get  User data  Executed
[INFO ] 2023-09-26 11:18:02.333 [main] RestAssuredAutomationFramework - Get  User data  Executed
[INFO ] 2023-09-26 11:18:04.996 [main] RestAssuredAutomationFramework - Get  User data  Executed
[INFO ] 2023-09-26 11:18:07.351 [main] RestAssuredAutomationFramework - Get  User data  Executed
[INFO ] 2023-09-26 11:18:09.194 [main] RestAssuredAutomationFramework - Delet  User Executed
[INFO ] 2023-09-26 11:18:10.832 [main] RestAssuredAutomationFramework - Delet  User Executed
[INFO ] 2023-09-26 11:18:13.392 [main] RestAssuredAutomationFramework - Delet  User Executed
[INFO ] 2023-09-26 11:18:15.952 [main] RestAssuredAutomationFramework - Delet  User Executed
